<?xml version="1.0" encoding="UTF-8"?>
<!-- Generated by org.testng.reporters.JUnitReportReporter -->
<testsuite hostname="DESKTOP-62KGI1A" failures="0" tests="4" name="api.test.UserTests2" time="7.904" errors="0" timestamp="2023-03-16T09:46:40 IST" skipped="0">
  <testcase classname="api.test.UserTests2" name="testPostUser" time="3.294"/>
  <system-out/>
  <testcase classname="api.test.UserTests2" name="testGetUserByName" time="1.143"/>
  <system-out/>
  <testcase classname="api.test.UserTests2" name="testUpdateUserByName" time="2.308"/>
  <system-out/>
  <testcase classname="api.test.UserTests2" name="testDeleteUserByName" time="1.159"/>
  <system-out/>
</testsuite> <!-- api.test.UserTests2 -->
