<?xml version="1.0" encoding="UTF-8"?>
<!-- Generated by org.testng.reporters.JUnitReportReporter -->
<testsuite hostname="DESKTOP-62KGI1A" failures="0" tests="6" name="api.test.UserDDTests" time="13.928" errors="0" timestamp="2023-03-16T08:46:28 IST" skipped="0">
  <testcase classname="api.test.UserDDTests" name="testPostUser" time="1.388"/>
  <system-out/>
  <testcase classname="api.test.UserDDTests" name="testPostUser" time="7.032"/>
  <system-out/>
  <testcase classname="api.test.UserDDTests" name="testPostUser" time="1.352"/>
  <system-out/>
  <testcase classname="api.test.UserDDTests" name="testDeleteUserByName" time="1.468"/>
  <system-out/>
  <testcase classname="api.test.UserDDTests" name="testDeleteUserByName" time="1.345"/>
  <system-out/>
  <testcase classname="api.test.UserDDTests" name="testDeleteUserByName" time="1.343"/>
  <system-out/>
</testsuite> <!-- api.test.UserDDTests -->
