<?xml version="1.0" encoding="UTF-8"?>
<!-- Generated by org.testng.reporters.JUnitReportReporter -->
<testsuite hostname="DESKTOP-62KGI1A" failures="0" tests="4" name="api.test.UserTests" time="11.551" errors="0" timestamp="2023-03-16T09:46:10 IST" skipped="0">
  <testcase classname="api.test.UserTests" name="testPostUser" time="6.456"/>
  <system-out/>
  <testcase classname="api.test.UserTests" name="testGetUserByName" time="1.315"/>
  <system-out/>
  <testcase classname="api.test.UserTests" name="testUpdateUserByName" time="2.544"/>
  <system-out/>
  <testcase classname="api.test.UserTests" name="testDeleteUserByName" time="1.236"/>
  <system-out/>
</testsuite> <!-- api.test.UserTests -->
