<?xml version="1.0" encoding="UTF-8"?>
<!-- Generated by org.testng.reporters.JUnitReportReporter -->
<testsuite hostname="DESKTOP-62KGI1A" failures="0" tests="4" name="api.test.UserTests2" time="8.912" errors="0" timestamp="2023-03-16T09:56:00 IST" skipped="0">
  <testcase classname="api.test.UserTests2" name="testPostUser" time="3.421"/>
  <system-out/>
  <testcase classname="api.test.UserTests2" name="testGetUserByName" time="1.374"/>
  <system-out/>
  <testcase classname="api.test.UserTests2" name="testUpdateUserByName" time="2.749"/>
  <system-out/>
  <testcase classname="api.test.UserTests2" name="testDeleteUserByName" time="1.368"/>
  <system-out/>
</testsuite> <!-- api.test.UserTests2 -->
